2020-10-30 00:38:36.432  INFO 4932 --- [Thread-16] j.LocalContainerEntityManagerFactoryBean : Closing JPA EntityManagerFactory for persistence unit 'default'
2020-10-30 00:38:36.447  INFO 4932 --- [Thread-16] o.s.s.concurrent.ThreadPoolTaskExecutor  : Shutting down ExecutorService 'applicationTaskExecutor'
2020-10-30 00:38:36.450  INFO 4932 --- [Thread-16] com.zaxxer.hikari.HikariDataSource       : HikariPool-1 - Shutdown initiated...
2020-10-30 00:38:36.461  INFO 4932 --- [Thread-16] com.zaxxer.hikari.HikariDataSource       : HikariPool-1 - Shutdown completed.
2020-10-30 00:38:36.776  INFO 4932 --- [restartedMain] com.cube.kiosk.KioskApplication          : Starting KioskApplication on LAPTOP-F2G6J443 with PID 4932 (D:\project\cube\kiosk\framework\kiosk\target\classes started by 卡卡西 in D:\project\cube\kiosk\framework)
2020-10-30 00:38:36.784  INFO 4932 --- [restartedMain] com.cube.kiosk.KioskApplication          : The following profiles are active: common,core,security
2020-10-30 00:38:37.542  INFO 4932 --- [restartedMain] .s.d.r.c.RepositoryConfigurationDelegate : Bootstrapping Spring Data JPA repositories in DEFERRED mode.
2020-10-30 00:38:37.601  INFO 4932 --- [restartedMain] .s.d.r.c.RepositoryConfigurationDelegate : Finished Spring Data repository scanning in 59ms. Found 6 JPA repository interfaces.
2020-10-30 00:38:38.019  INFO 4932 --- [restartedMain] o.s.b.w.embedded.tomcat.TomcatWebServer  : Tomcat initialized with port(s): 8080 (http)
2020-10-30 00:38:38.019  INFO 4932 --- [restartedMain] o.apache.catalina.core.StandardService   : Starting service [Tomcat]
2020-10-30 00:38:38.019  INFO 4932 --- [restartedMain] org.apache.catalina.core.StandardEngine  : Starting Servlet engine: [Apache Tomcat/9.0.38]
2020-10-30 00:38:38.054  INFO 4932 --- [restartedMain] o.a.c.c.C.[Tomcat].[localhost].[/]       : Initializing Spring embedded WebApplicationContext
2020-10-30 00:38:38.054  INFO 4932 --- [restartedMain] w.s.c.ServletWebServerApplicationContext : Root WebApplicationContext: initialization completed in 1264 ms
2020-10-30 00:38:38.186  INFO 4932 --- [restartedMain] o.s.s.concurrent.ThreadPoolTaskExecutor  : Initializing ExecutorService 'applicationTaskExecutor'
2020-10-30 00:38:38.223  INFO 4932 --- [task-1] o.hibernate.jpa.internal.util.LogHelper  : HHH000204: Processing PersistenceUnitInfo [name: default]
2020-10-30 00:38:38.233  INFO 4932 --- [task-1] com.zaxxer.hikari.HikariDataSource       : HikariPool-2 - Starting...
2020-10-30 00:38:38.233  WARN 4932 --- [task-1] com.zaxxer.hikari.util.DriverDataSource  : Registered driver with driverClassName=com.mysql.jdbc.Driver was not found, trying direct instantiation.
2020-10-30 00:38:38.253  INFO 4932 --- [task-1] com.zaxxer.hikari.HikariDataSource       : HikariPool-2 - Start completed.
2020-10-30 00:38:38.254  INFO 4932 --- [task-1] org.hibernate.dialect.Dialect            : HHH000400: Using dialect: org.hibernate.dialect.MySQL5InnoDBDialect
2020-10-30 00:38:38.277  WARN 4932 --- [restartedMain] ConfigServletWebServerApplicationContext : Exception encountered during context initialization - cancelling refresh attempt: org.springframework.beans.factory.UnsatisfiedDependencyException: Error creating bean with name 'registerController': Unsatisfied dependency expressed through field 'registerService'; nested exception is org.springframework.beans.factory.UnsatisfiedDependencyException: Error creating bean with name 'registerServiceImpl': Unsatisfied dependency expressed through field 'restTemplate'; nested exception is org.springframework.beans.factory.NoSuchBeanDefinitionException: No qualifying bean of type 'com.cube.kiosk.modules.common.utils.RestTemplate' available: expected at least 1 bean which qualifies as autowire candidate. Dependency annotations: {@org.springframework.beans.factory.annotation.Autowired(required=true)}
2020-10-30 00:38:38.277  INFO 4932 --- [restartedMain] j.LocalContainerEntityManagerFactoryBean : Closing JPA EntityManagerFactory for persistence unit 'default'
2020-10-30 00:38:38.350  INFO 4932 --- [task-1] o.h.e.t.j.p.i.JtaPlatformInitiator       : HHH000490: Using JtaPlatform implementation: [org.hibernate.engine.transaction.jta.platform.internal.NoJtaPlatform]
2020-10-30 00:38:38.351  INFO 4932 --- [task-1] j.LocalContainerEntityManagerFactoryBean : Initialized JPA EntityManagerFactory for persistence unit 'default'
2020-10-30 00:38:38.352  INFO 4932 --- [restartedMain] o.s.s.concurrent.ThreadPoolTaskExecutor  : Shutting down ExecutorService 'applicationTaskExecutor'
2020-10-30 00:38:38.353  INFO 4932 --- [restartedMain] com.zaxxer.hikari.HikariDataSource       : HikariPool-2 - Shutdown initiated...
2020-10-30 00:38:38.354  INFO 4932 --- [restartedMain] com.zaxxer.hikari.HikariDataSource       : HikariPool-2 - Shutdown completed.
2020-10-30 00:38:38.355  INFO 4932 --- [restartedMain] o.apache.catalina.core.StandardService   : Stopping service [Tomcat]
2020-10-30 00:38:38.361  INFO 4932 --- [restartedMain] ConditionEvaluationReportLoggingListener : 

Error starting ApplicationContext. To display the conditions report re-run your application with 'debug' enabled.
2020-10-30 00:38:38.576 ERROR 4932 --- [restartedMain] o.s.b.d.LoggingFailureAnalysisReporter   : 

***************************
APPLICATION FAILED TO START
***************************

Description:

Field restTemplate in com.cube.kiosk.modules.register.service.impl.RegisterServiceImpl required a bean of type 'com.cube.kiosk.modules.common.utils.RestTemplate' that could not be found.

The injection point has the following annotations:
	- @org.springframework.beans.factory.annotation.Autowired(required=true)


Action:

Consider defining a bean of type 'com.cube.kiosk.modules.common.utils.RestTemplate' in your configuration.

2020-10-30 00:40:36.466  INFO 4932 --- [restartedMain] com.cube.kiosk.KioskApplication          : Starting KioskApplication on LAPTOP-F2G6J443 with PID 4932 (D:\project\cube\kiosk\framework\kiosk\target\classes started by 卡卡西 in D:\project\cube\kiosk\framework)
2020-10-30 00:40:36.466  INFO 4932 --- [restartedMain] com.cube.kiosk.KioskApplication          : The following profiles are active: common,core,security
2020-10-30 00:40:37.096  INFO 4932 --- [restartedMain] .s.d.r.c.RepositoryConfigurationDelegate : Bootstrapping Spring Data JPA repositories in DEFERRED mode.
2020-10-30 00:40:37.160  INFO 4932 --- [restartedMain] .s.d.r.c.RepositoryConfigurationDelegate : Finished Spring Data repository scanning in 63ms. Found 6 JPA repository interfaces.
2020-10-30 00:40:37.546  INFO 4932 --- [restartedMain] o.s.b.w.embedded.tomcat.TomcatWebServer  : Tomcat initialized with port(s): 8080 (http)
2020-10-30 00:40:37.546  INFO 4932 --- [restartedMain] o.apache.catalina.core.StandardService   : Starting service [Tomcat]
2020-10-30 00:40:37.546  INFO 4932 --- [restartedMain] org.apache.catalina.core.StandardEngine  : Starting Servlet engine: [Apache Tomcat/9.0.38]
2020-10-30 00:40:37.584  INFO 4932 --- [restartedMain] o.a.c.c.C.[Tomcat-1].[localhost].[/]     : Initializing Spring embedded WebApplicationContext
2020-10-30 00:40:37.584  INFO 4932 --- [restartedMain] w.s.c.ServletWebServerApplicationContext : Root WebApplicationContext: initialization completed in 1114 ms
2020-10-30 00:40:37.706  INFO 4932 --- [restartedMain] o.s.s.concurrent.ThreadPoolTaskExecutor  : Initializing ExecutorService 'applicationTaskExecutor'
2020-10-30 00:40:37.735  INFO 4932 --- [task-1] o.hibernate.jpa.internal.util.LogHelper  : HHH000204: Processing PersistenceUnitInfo [name: default]
2020-10-30 00:40:37.742  INFO 4932 --- [task-1] com.zaxxer.hikari.HikariDataSource       : HikariPool-3 - Starting...
2020-10-30 00:40:37.742  WARN 4932 --- [task-1] com.zaxxer.hikari.util.DriverDataSource  : Registered driver with driverClassName=com.mysql.jdbc.Driver was not found, trying direct instantiation.
2020-10-30 00:40:37.761  INFO 4932 --- [task-1] com.zaxxer.hikari.HikariDataSource       : HikariPool-3 - Start completed.
2020-10-30 00:40:37.762  INFO 4932 --- [task-1] org.hibernate.dialect.Dialect            : HHH000400: Using dialect: org.hibernate.dialect.MySQL5InnoDBDialect
2020-10-30 00:40:37.787  INFO 4932 --- [restartedMain] o.s.aop.framework.CglibAopProxy          : Unable to proxy interface-implementing method [public final synchronized org.apache.http.conn.ClientConnectionManager org.apache.http.impl.client.AbstractHttpClient.getConnectionManager()] because it is marked as final: Consider using interface-based JDK proxies instead!
2020-10-30 00:40:37.787  INFO 4932 --- [restartedMain] o.s.aop.framework.CglibAopProxy          : Unable to proxy interface-implementing method [public final synchronized org.apache.http.params.HttpParams org.apache.http.impl.client.AbstractHttpClient.getParams()] because it is marked as final: Consider using interface-based JDK proxies instead!
2020-10-30 00:40:37.841  INFO 4932 --- [task-1] o.h.e.t.j.p.i.JtaPlatformInitiator       : HHH000490: Using JtaPlatform implementation: [org.hibernate.engine.transaction.jta.platform.internal.NoJtaPlatform]
2020-10-30 00:40:37.841  INFO 4932 --- [task-1] j.LocalContainerEntityManagerFactoryBean : Initialized JPA EntityManagerFactory for persistence unit 'default'
2020-10-30 00:40:37.887  INFO 4932 --- [task-2] o.s.b.d.a.OptionalLiveReloadServer       : LiveReload server is running on port 35729
2020-10-30 00:40:37.961  WARN 4932 --- [restartedMain] JpaBaseConfiguration$JpaWebConfiguration : spring.jpa.open-in-view is enabled by default. Therefore, database queries may be performed during view rendering. Explicitly configure spring.jpa.open-in-view to disable this warning
2020-10-30 00:40:38.790  INFO 4932 --- [restartedMain] o.s.s.web.DefaultSecurityFilterChain     : Creating filter chain: Ant [pattern='/api/**'], []
2020-10-30 00:40:38.834  INFO 4932 --- [restartedMain] o.s.s.web.DefaultSecurityFilterChain     : Creating filter chain: any request, [org.springframework.security.web.context.request.async.WebAsyncManagerIntegrationFilter@37b39b49, org.springframework.security.web.context.SecurityContextPersistenceFilter@f6ab39f, org.springframework.security.web.header.HeaderWriterFilter@6a434dc0, org.springframework.security.web.csrf.CsrfFilter@1cb67507, org.springframework.security.web.authentication.logout.LogoutFilter@1b64eabe, org.springframework.security.web.authentication.UsernamePasswordAuthenticationFilter@5f746b35, org.springframework.security.web.authentication.ui.DefaultLoginPageGeneratingFilter@cf6dc19, org.springframework.security.web.authentication.ui.DefaultLogoutPageGeneratingFilter@41bb402a, org.springframework.security.web.authentication.www.BasicAuthenticationFilter@144c0bc1, org.springframework.security.web.savedrequest.RequestCacheAwareFilter@329db55, org.springframework.security.web.servletapi.SecurityContextHolderAwareRequestFilter@7374abbd, org.springframework.security.web.authentication.AnonymousAuthenticationFilter@3d6aa6eb, org.springframework.security.web.session.SessionManagementFilter@205be4de, org.springframework.security.web.access.ExceptionTranslationFilter@51bbae81, org.springframework.security.web.access.intercept.FilterSecurityInterceptor@4ee71336]
2020-10-30 00:40:38.905  INFO 4932 --- [restartedMain] o.s.b.w.embedded.tomcat.TomcatWebServer  : Tomcat started on port(s): 8080 (http) with context path ''
2020-10-30 00:40:38.976  INFO 4932 --- [restartedMain] DeferredRepositoryInitializationListener : Triggering deferred initialization of Spring Data repositories…
2020-10-30 00:40:39.188  INFO 4932 --- [restartedMain] DeferredRepositoryInitializationListener : Spring Data repositories initialized!
2020-10-30 00:40:39.192  INFO 4932 --- [restartedMain] com.cube.kiosk.KioskApplication          : Started KioskApplication in 2.793 seconds (JVM running for 7696.546)
2020-10-30 00:40:39.207  INFO 4932 --- [restartedMain] .ConditionEvaluationDeltaLoggingListener : Condition evaluation unchanged
2020-10-30 00:57:59.139  INFO 4932 --- [SpringContextShutdownHook] j.LocalContainerEntityManagerFactoryBean : Closing JPA EntityManagerFactory for persistence unit 'default'
2020-10-30 00:57:59.140  INFO 4932 --- [SpringContextShutdownHook] o.s.s.concurrent.ThreadPoolTaskExecutor  : Shutting down ExecutorService 'applicationTaskExecutor'
2020-10-30 00:57:59.140  INFO 4932 --- [SpringContextShutdownHook] com.zaxxer.hikari.HikariDataSource       : HikariPool-3 - Shutdown initiated...
2020-10-30 00:57:59.147  INFO 4932 --- [SpringContextShutdownHook] com.zaxxer.hikari.HikariDataSource       : HikariPool-3 - Shutdown completed.
